2025-02-11 10:45:01 INFO auth user login successfully
2025-02-11 10:45:05 ERROR auth Invalid password
2025-02-11 10:46:02 INFO auth user login successfully
2025-02-11 10:46:08 ERROR auth user authentication failed
2025-02-11 10:47:01 INFO auth user login successfully
2025-02-11 10:47:05 ERROR auth Invalid password

2025-02-11 10:48:00 ERROR auth account locked
2025-02-11 10:48:02 ERROR auth database timeout
2025-02-11 10:48:04 ERROR auth invalid token
2025-02-11 10:48:06 ERROR auth login failed
2025-02-11 10:48:08 ERROR auth service unavailable
2025-02-11 10:48:10 ERROR auth database connection failed
2025-02-11 10:48:12 ERROR auth unauthorized access
2025-02-11 10:48:14 ERROR auth session validation failed

2025-02-11 10:49:01 INFO auth database reconnected
2025-02-11 10:49:18 INFO auth user logout successfully
2025-02-11 10:45:01 INFO auth user login successfully
2025-02-11 10:45:05 ERROR auth Invalid password
2025-02-11 10:46:02 INFO auth user login successfully
2025-02-11 10:46:08 ERROR auth user authentication failed
2025-02-11 10:47:01 INFO auth user login successfully
2025-02-11 10:47:05 ERROR auth Invalid password

2025-02-11 10:48:00 ERROR auth account locked
2025-02-11 10:48:02 ERROR auth database timeout
2025-02-11 10:48:04 ERROR auth invalid token
2025-02-11 10:48:06 ERROR auth login failed
2025-02-11 10:48:08 ERROR auth service unavailable
2025-02-11 10:48:10 ERROR auth database connection failed
2025-02-11 10:48:12 ERROR auth unauthorized access
2025-02-11 10:48:14 ERROR auth session validation failed

2025-02-11 10:49:01 INFO auth database reconnected
2025-02-11 10:49:18 INFO auth user logout successfully
2025-02-11 10:45:01 INFO auth user login successfully
2025-02-11 10:45:05 ERROR auth Invalid password
2025-02-11 10:46:02 INFO auth user login successfully
2025-02-11 10:46:08 ERROR auth user authentication failed
2025-02-11 10:47:01 INFO auth user login successfully
2025-02-11 10:47:05 ERROR auth Invalid password

2025-02-11 10:48:00 ERROR auth account locked
2025-02-11 10:48:02 ERROR auth database timeout
2025-02-11 10:48:04 ERROR auth invalid token
2025-02-11 10:48:06 ERROR auth login failed
2025-02-11 10:48:08 ERROR auth service unavailable
2025-02-11 10:48:10 ERROR auth database connection failed
2025-02-11 10:48:12 ERROR auth unauthorized access
2025-02-11 10:48:14 ERROR auth session validation failed

2025-02-11 10:49:01 INFO auth database reconnected
2025-02-11 10:49:18 INFO auth user logout successfully
2025-02-11 10:45:01 INFO auth user login successfully
2025-02-11 10:45:05 ERROR auth Invalid password
2025-02-11 10:46:02 INFO auth user login successfully
2025-02-11 10:46:08 ERROR auth user authentication failed
2025-02-11 10:47:01 INFO auth user login successfully
2025-02-11 10:47:05 ERROR auth Invalid password

2025-02-11 10:48:00 ERROR auth account locked
2025-02-11 10:48:02 ERROR auth database timeout
2025-02-11 10:48:04 ERROR auth invalid token
2025-02-11 10:48:06 ERROR auth login failed
2025-02-11 10:48:08 ERROR auth service unavailable
2025-02-11 10:48:10 ERROR auth database connection failed
2025-02-11 10:48:12 ERROR auth unauthorized access
2025-02-11 10:48:14 ERROR auth session validation failed

2025-02-11 10:49:01 INFO auth database reconnected
2025-02-11 10:49:18 INFO auth user logout successfully
2025-02-11 10:45:01 INFO auth user login successfully
2025-02-11 10:45:05 ERROR auth Invalid password
2025-02-11 10:46:02 INFO auth user login successfully
2025-02-11 10:46:08 ERROR auth user authentication failed
2025-02-11 10:47:01 INFO auth user login successfully
2025-02-11 10:47:05 ERROR auth Invalid password

2025-02-11 10:48:00 ERROR auth account locked
2025-02-11 10:48:02 ERROR auth database timeout
2025-02-11 10:48:04 ERROR auth invalid token
2025-02-11 10:48:06 ERROR auth login failed
2025-02-11 10:48:08 ERROR auth service unavailable
2025-02-11 10:48:10 ERROR auth database connection failed
2025-02-11 10:48:12 ERROR auth unauthorized access
2025-02-11 10:48:14 ERROR auth session validation failed

2025-02-11 10:49:01 INFO auth database reconnected
2025-02-11 10:49:18 INFO auth user logout successfully
2025-02-11 10:45:01 INFO auth user login successfully
2025-02-11 10:45:05 ERROR auth Invalid password
2025-02-11 10:46:02 INFO auth user login successfully
2025-02-11 10:46:08 ERROR auth user authentication failed
2025-02-11 10:47:01 INFO auth user login successfully
2025-02-11 10:47:05 ERROR auth Invalid password

2025-02-11 10:48:00 ERROR auth account locked
2025-02-11 10:48:02 ERROR auth database timeout
2025-02-11 10:48:04 ERROR auth invalid token
2025-02-11 10:48:06 ERROR auth login failed
2025-02-11 10:48:08 ERROR auth service unavailable
2025-02-11 10:48:10 ERROR auth database connection failed
2025-02-11 10:48:12 ERROR auth unauthorized access
2025-02-11 10:48:14 ERROR auth session validation failed

2025-02-11 10:49:01 INFO auth database reconnected
2025-02-11 10:49:18 INFO auth user logout successfully
2025-02-11 10:45:01 INFO auth user login successfully
2025-02-11 10:45:05 ERROR auth Invalid password
2025-02-11 10:46:02 INFO auth user login successfully
2025-02-11 10:46:08 ERROR auth user authentication failed
2025-02-11 10:47:01 INFO auth user login successfully
2025-02-11 10:47:05 ERROR auth Invalid password

2025-02-11 10:48:00 ERROR auth account locked
2025-02-11 10:48:02 ERROR auth database timeout
2025-02-11 10:48:04 ERROR auth invalid token
2025-02-11 10:48:06 ERROR auth login failed
2025-02-11 10:48:08 ERROR auth service unavailable
2025-02-11 10:48:10 ERROR auth database connection failed
2025-02-11 10:48:12 ERROR auth unauthorized access
2025-02-11 10:48:14 ERROR auth session validation failed

2025-02-11 10:49:01 INFO auth database reconnected
2025-02-11 10:49:18 INFO auth user logout successfully